<?xml version="1.0" encoding="UTF-8"?>
<!-- Generated by org.testng.reporters.JUnitXMLReporter -->
<testsuite ignored="0" hostname="DESKTOP-1UR8HFJ" failures="0" tests="8" name="Default test" time="55.653" errors="0" timestamp="2024-03-30T04:50:25 PDT">
  <testcase classname="testcases.TC_001_LoginTest" name="verify_login_functionality" time="0.907"/>
  <testcase classname="testcases.TC_001_LoginTest" name="verify_login_functionality" time="10.397"/>
  <testcase classname="testcases.TC_001_LoginTest" name="verify_login_functionality" time="0.682"/>
  <testcase classname="testcases.TC_001_LoginTest" name="verify_login_functionality" time="5.598"/>
  <testcase classname="testcases.TC_001_LoginTest" name="verify_login_functionality" time="0.56"/>
  <testcase classname="testcases.TC_001_LoginTest" name="verify_login_functionality" time="10.363"/>
  <testcase classname="testcases.TC_001_LoginTest" name="verify_login_functionality" time="10.387"/>
  <testcase classname="testcases.TC_001_LoginTest" name="verify_login_functionality" time="10.32"/>
</testsuite> <!-- Default test -->
