<?xml version="1.0" encoding="UTF-8"?>
<!-- Generated by org.testng.reporters.JUnitXMLReporter -->
<testsuite ignored="0" hostname="DESKTOP-1UR8HFJ" failures="0" tests="8" name="Test" time="55.473" errors="0" timestamp="2024-03-30T04:55:55 PDT">
  <testcase classname="testcases.TC_001_LoginTest" name="verify_login_functionality" time="0.81"/>
  <testcase classname="testcases.TC_001_LoginTest" name="verify_login_functionality" time="10.378"/>
  <testcase classname="testcases.TC_001_LoginTest" name="verify_login_functionality" time="0.722"/>
  <testcase classname="testcases.TC_001_LoginTest" name="verify_login_functionality" time="5.697"/>
  <testcase classname="testcases.TC_001_LoginTest" name="verify_login_functionality" time="0.519"/>
  <testcase classname="testcases.TC_001_LoginTest" name="verify_login_functionality" time="10.486"/>
  <testcase classname="testcases.TC_001_LoginTest" name="verify_login_functionality" time="10.378"/>
  <testcase classname="testcases.TC_001_LoginTest" name="verify_login_functionality" time="10.38"/>
</testsuite> <!-- Test -->
