<?xml version="1.0" encoding="UTF-8"?>
<!-- Generated by org.testng.reporters.JUnitXMLReporter -->
<testsuite ignored="0" hostname="DESKTOP-1UR8HFJ" failures="0" tests="8" name="Test" time="54.86" errors="0" timestamp="2024-03-30T05:06:42 PDT">
  <testcase classname="testcases.TC_001_LoginTest" name="verify_login_functionality" time="0.904"/>
  <testcase classname="testcases.TC_001_LoginTest" name="verify_login_functionality" time="10.35"/>
  <testcase classname="testcases.TC_001_LoginTest" name="verify_login_functionality" time="0.664"/>
  <testcase classname="testcases.TC_001_LoginTest" name="verify_login_functionality" time="5.51"/>
  <testcase classname="testcases.TC_001_LoginTest" name="verify_login_functionality" time="0.476"/>
  <testcase classname="testcases.TC_001_LoginTest" name="verify_login_functionality" time="10.337"/>
  <testcase classname="testcases.TC_001_LoginTest" name="verify_login_functionality" time="10.384"/>
  <testcase classname="testcases.TC_001_LoginTest" name="verify_login_functionality" time="10.352"/>
</testsuite> <!-- Test -->
