<?xml version="1.0" encoding="UTF-8"?>
<testng-results ignored="0" total="1" passed="1" failed="0" skipped="0">
  <reporter-output>
  </reporter-output>
  <suite started-at="2024-03-30T09:25:38 PDT" name="Suite" finished-at="2024-03-30T09:25:50 PDT" duration-ms="11936">
    <groups>
    </groups>
    <test started-at="2024-03-30T09:25:38 PDT" name="Test" finished-at="2024-03-30T09:25:50 PDT" duration-ms="11936">
      <class name="testcases.EndToEnd_Test">
        <test-method is-config="true" signature="setup(java.lang.String,java.lang.String)[pri:0, instance:testcases.EndToEnd_Test@20ce78ec]" started-at="2024-03-30T09:25:38 PDT" name="setup" finished-at="2024-03-30T09:25:42 PDT" duration-ms="4327" status="PASS">
          <params>
            <param index="0">
              <value>
                <![CDATA[windows]]>
              </value>
            </param>
            <param index="1">
              <value>
                <![CDATA[chrome]]>
              </value>
            </param>
          </params>
          <reporter-output>
          </reporter-output>
        </test-method> <!-- setup -->
        <test-method signature="endtoendtest(java.lang.String,java.lang.String,java.lang.String)[pri:0, instance:testcases.EndToEnd_Test@20ce78ec]" started-at="2024-03-30T09:25:43 PDT" name="endtoendtest" data-provider="userinformationData" finished-at="2024-03-30T09:25:45 PDT" duration-ms="1440" status="PASS">
          <params>
            <param index="0">
              <value>
                <![CDATA[Sourav]]>
              </value>
            </param>
            <param index="1">
              <value>
                <![CDATA[Naga]]>
              </value>
            </param>
            <param index="2">
              <value>
                <![CDATA[712413]]>
              </value>
            </param>
          </params>
          <reporter-output>
          </reporter-output>
        </test-method> <!-- endtoendtest -->
        <test-method is-config="true" signature="teardown()[pri:0, instance:testcases.EndToEnd_Test@20ce78ec]" started-at="2024-03-30T09:25:45 PDT" name="teardown" finished-at="2024-03-30T09:25:50 PDT" duration-ms="5194" status="PASS">
          <reporter-output>
          </reporter-output>
        </test-method> <!-- teardown -->
      </class> <!-- testcases.EndToEnd_Test -->
    </test> <!-- Test -->
  </suite> <!-- Suite -->
</testng-results>
