<?xml version="1.0" encoding="UTF-8"?>
<testsuite xmlns:xsi="http://www.w3.org/2001/XMLSchema-instance" xsi:noNamespaceSchemaLocation="https://maven.apache.org/surefire/maven-surefire-plugin/xsd/surefire-test-report-3.0.xsd" version="3.0" name="TestSuite" time="55.473" tests="8" errors="0" skipped="0" failures="0">
  <properties>
[...]
</properties>
  <testcase name="verify_login_functionality[standard_user, secret_sauce, valid](1)" classname="testcases.TC_001_LoginTest" time="0.904">
    <system-out><![CDATA[05:05:52.701 [main] INFO  testcases.TC_001_LoginTest - *********Login Test started **********
05:05:53.210 [main] INFO  testcases.TC_001_LoginTest - Login data is entered
05:05:53.216 [main] INFO  testcases.TC_001_LoginTest - Login button clicked
05:05:53.327 [main] INFO  testcases.TC_001_LoginTest - Login is successful for: standard_user
05:05:53.596 [main] INFO  testcases.TC_001_LoginTest - *******Login Test Finished *********
]]></system-out>
    <system-err><![CDATA[SLF4J: Failed to load class "org.slf4j.impl.StaticLoggerBinder".
SLF4J: Defaulting to no-operation (NOP) logger implementation
SLF4J: See http://www.slf4j.org/codes.html#StaticLoggerBinder for further details.
Mar 30, 2024 5:05:49 AM org.openqa.selenium.devtools.CdpVersionFinder findNearestMatch
WARNING: Unable to find an exact match for CDP version 123, returning the closest version; found: 119; Please update to a Selenium version that supports CDP version 123
]]></system-err>
  </testcase>
  <testcase name="verify_login_functionality[locked_out_user, secret_sauce, invalid](2)" classname="testcases.TC_001_LoginTest" time="10.355">
    <system-out><![CDATA[05:05:53.599 [main] INFO  testcases.TC_001_LoginTest - *********Login Test started **********
05:05:53.883 [main] INFO  testcases.TC_001_LoginTest - Login data is entered
05:05:53.883 [main] INFO  testcases.TC_001_LoginTest - Login button clicked
05:06:03.947 [main] INFO  testcases.TC_001_LoginTest - Login is not successful: locked_out_user
05:06:03.948 [main] INFO  testcases.TC_001_LoginTest - *******Login Test Finished *********
]]></system-out>
  </testcase>
  <testcase name="verify_login_functionality[problem_user, secret_sauce, valid](3)" classname="testcases.TC_001_LoginTest" time="0.657">
    <system-out><![CDATA[05:06:03.950 [main] INFO  testcases.TC_001_LoginTest - *********Login Test started **********
05:06:04.333 [main] INFO  testcases.TC_001_LoginTest - Login data is entered
05:06:04.333 [main] INFO  testcases.TC_001_LoginTest - Login button clicked
05:06:04.375 [main] INFO  testcases.TC_001_LoginTest - Login is successful for: problem_user
05:06:04.613 [main] INFO  testcases.TC_001_LoginTest - *******Login Test Finished *********
]]></system-out>
  </testcase>
  <testcase name="verify_login_functionality[performance_glitch_user, secret_sauce, valid](4)" classname="testcases.TC_001_LoginTest" time="5.511">
    <system-out><![CDATA[05:06:04.616 [main] INFO  testcases.TC_001_LoginTest - *********Login Test started **********
05:06:09.919 [main] INFO  testcases.TC_001_LoginTest - Login data is entered
05:06:09.925 [main] INFO  testcases.TC_001_LoginTest - Login button clicked
05:06:09.951 [main] INFO  testcases.TC_001_LoginTest - Login is successful for: performance_glitch_user
05:06:10.124 [main] INFO  testcases.TC_001_LoginTest - *******Login Test Finished *********
]]></system-out>
  </testcase>
  <testcase name="verify_login_functionality[error_user, secret_sauce, valid](5)" classname="testcases.TC_001_LoginTest" time="0.482">
    <system-out><![CDATA[05:06:10.127 [main] INFO  testcases.TC_001_LoginTest - *********Login Test started **********
05:06:10.415 [main] INFO  testcases.TC_001_LoginTest - Login data is entered
05:06:10.416 [main] INFO  testcases.TC_001_LoginTest - Login button clicked
05:06:10.444 [main] INFO  testcases.TC_001_LoginTest - Login is successful for: error_user
05:06:10.601 [main] INFO  testcases.TC_001_LoginTest - *******Login Test Finished *********
]]></system-out>
  </testcase>
  <testcase name="verify_login_functionality[performance_glitch_user, secret_sauce2, invalid](6)" classname="testcases.TC_001_LoginTest" time="10.345">
    <system-out><![CDATA[05:06:10.605 [main] INFO  testcases.TC_001_LoginTest - *********Login Test started **********
05:06:10.896 [main] INFO  testcases.TC_001_LoginTest - Login data is entered
05:06:10.896 [main] INFO  testcases.TC_001_LoginTest - Login button clicked
05:06:20.939 [main] INFO  testcases.TC_001_LoginTest - Login is not successful: performance_glitch_user
05:06:20.940 [main] INFO  testcases.TC_001_LoginTest - *******Login Test Finished *********
]]></system-out>
  </testcase>
  <testcase name="verify_login_functionality[locked_out_user, secret_sauce3, invalid](7)" classname="testcases.TC_001_LoginTest" time="10.376">
    <system-out><![CDATA[05:06:20.945 [main] INFO  testcases.TC_001_LoginTest - *********Login Test started **********
05:06:21.253 [main] INFO  testcases.TC_001_LoginTest - Login data is entered
05:06:21.253 [main] INFO  testcases.TC_001_LoginTest - Login button clicked
05:06:31.326 [main] INFO  testcases.TC_001_LoginTest - Login is not successful: locked_out_user
05:06:31.327 [main] INFO  testcases.TC_001_LoginTest - *******Login Test Finished *********
]]></system-out>
  </testcase>
  <testcase name="verify_login_functionality[error_user, secret_sauce4, invalid](8)" classname="testcases.TC_001_LoginTest" time="10.35">
    <system-out><![CDATA[05:06:31.330 [main] INFO  testcases.TC_001_LoginTest - *********Login Test started **********
05:06:31.613 [main] INFO  testcases.TC_001_LoginTest - Login data is entered
05:06:31.613 [main] INFO  testcases.TC_001_LoginTest - Login button clicked
05:06:41.680 [main] INFO  testcases.TC_001_LoginTest - Login is not successful: error_user
05:06:41.681 [main] INFO  testcases.TC_001_LoginTest - *******Login Test Finished *********
]]></system-out>
  </testcase>
</testsuite>