<?xml version="1.0" encoding="UTF-8"?>
<testsuite xmlns:xsi="http://www.w3.org/2001/XMLSchema-instance" xsi:noNamespaceSchemaLocation="https://maven.apache.org/surefire/maven-surefire-plugin/xsd/surefire-test-report-3.0.xsd" version="3.0" name="TestSuite" time="12.558" tests="1" errors="0" skipped="0" failures="0">
  <properties>
[...]
</properties>
  <testcase name="endtoendtest[Sourav, Naga, 712413](1)" classname="testcases.EndToEnd_Test" time="1.445">
    <system-out><![CDATA[09:25:43.870 [main] INFO  testcases.EndToEnd_Test - ********End to End testing started********
09:25:44.286 [main] INFO  testcases.EndToEnd_Test - login user name entered
09:25:44.286 [main] INFO  testcases.EndToEnd_Test - login password entered
09:25:44.364 [main] INFO  testcases.EndToEnd_Test - Product added to cart
09:25:44.444 [main] INFO  testcases.EndToEnd_Test - Cart page opened successfully
09:25:44.527 [main] INFO  testcases.EndToEnd_Test - Product Checkout successfully
09:25:44.616 [main] INFO  testcases.EndToEnd_Test - First Name entered successfully
09:25:44.699 [main] INFO  testcases.EndToEnd_Test - Last Name entered successfully
09:25:44.781 [main] INFO  testcases.EndToEnd_Test - Zip Code entered successfully
Item Name: Sauce Labs Backpack
Item Quantity: 1
Payment Information:SauceCard #31337
Shipping Information:Free Pony Express Delivery!
Price Total: Total: $32.39
09:25:45.020 [main] INFO  testcases.EndToEnd_Test - Item Name: Sauce Labs Backpack
09:25:45.040 [main] INFO  testcases.EndToEnd_Test - Item Quantity: 1
09:25:45.064 [main] INFO  testcases.EndToEnd_Test - Payment Information:SauceCard #31337
09:25:45.084 [main] INFO  testcases.EndToEnd_Test - Shipping Information:Free Pony Express Delivery!
09:25:45.107 [main] INFO  testcases.EndToEnd_Test - Price Total: Total: $32.39
09:25:45.169 [main] INFO  testcases.EndToEnd_Test - Finish button clicked successfully
Confirmation message : Thank you for your order!
09:25:45.220 [main] INFO  testcases.EndToEnd_Test - Confirmation message : Thank you for your order!
09:25:45.304 [main] INFO  testcases.EndToEnd_Test - Back to home page
09:25:45.304 [main] INFO  testcases.EndToEnd_Test - ********End to End testing Finished********
]]></system-out>
    <system-err><![CDATA[SLF4J: Failed to load class "org.slf4j.impl.StaticLoggerBinder".
SLF4J: Defaulting to no-operation (NOP) logger implementation
SLF4J: See http://www.slf4j.org/codes.html#StaticLoggerBinder for further details.
Mar 30, 2024 9:25:41 AM org.openqa.selenium.devtools.CdpVersionFinder findNearestMatch
WARNING: Unable to find an exact match for CDP version 123, returning the closest version; found: 119; Please update to a Selenium version that supports CDP version 123
]]></system-err>
  </testcase>
</testsuite>