<?xml version="1.0" encoding="UTF-8"?>
<testng-results ignored="0" total="8" passed="8" failed="0" skipped="0">
  <reporter-output>
  </reporter-output>
  <suite started-at="2024-03-30T04:54:59 PDT" name="Suite" finished-at="2024-03-30T04:55:55 PDT" duration-ms="55473">
    <groups>
    </groups>
    <test started-at="2024-03-30T04:54:59 PDT" name="Test" finished-at="2024-03-30T04:55:55 PDT" duration-ms="55473">
      <class name="testcases.TC_001_LoginTest">
        <test-method is-config="true" signature="setup()[pri:0, instance:testcases.TC_001_LoginTest@55141def]" started-at="2024-03-30T04:54:59 PDT" name="setup" finished-at="2024-03-30T04:55:03 PDT" duration-ms="3875" status="PASS">
          <reporter-output>
          </reporter-output>
        </test-method> <!-- setup -->
        <test-method signature="verify_login_functionality(java.lang.String,java.lang.String,java.lang.String)[pri:0, instance:testcases.TC_001_LoginTest@55141def]" started-at="2024-03-30T04:55:05 PDT" name="verify_login_functionality" data-provider="LoginData1" finished-at="2024-03-30T04:55:05 PDT" duration-ms="810" status="PASS">
          <params>
            <param index="0">
              <value>
                <![CDATA[standard_user]]>
              </value>
            </param>
            <param index="1">
              <value>
                <![CDATA[secret_sauce]]>
              </value>
            </param>
            <param index="2">
              <value>
                <![CDATA[valid]]>
              </value>
            </param>
          </params>
          <reporter-output>
          </reporter-output>
        </test-method> <!-- verify_login_functionality -->
        <test-method signature="verify_login_functionality(java.lang.String,java.lang.String,java.lang.String)[pri:0, instance:testcases.TC_001_LoginTest@55141def]" started-at="2024-03-30T04:55:05 PDT" name="verify_login_functionality" data-provider="LoginData1" finished-at="2024-03-30T04:55:16 PDT" duration-ms="10378" status="PASS">
          <params>
            <param index="0">
              <value>
                <![CDATA[locked_out_user]]>
              </value>
            </param>
            <param index="1">
              <value>
                <![CDATA[secret_sauce]]>
              </value>
            </param>
            <param index="2">
              <value>
                <![CDATA[invalid]]>
              </value>
            </param>
          </params>
          <reporter-output>
          </reporter-output>
        </test-method> <!-- verify_login_functionality -->
        <test-method signature="verify_login_functionality(java.lang.String,java.lang.String,java.lang.String)[pri:0, instance:testcases.TC_001_LoginTest@55141def]" started-at="2024-03-30T04:55:16 PDT" name="verify_login_functionality" data-provider="LoginData1" finished-at="2024-03-30T04:55:16 PDT" duration-ms="722" status="PASS">
          <params>
            <param index="0">
              <value>
                <![CDATA[problem_user]]>
              </value>
            </param>
            <param index="1">
              <value>
                <![CDATA[secret_sauce]]>
              </value>
            </param>
            <param index="2">
              <value>
                <![CDATA[valid]]>
              </value>
            </param>
          </params>
          <reporter-output>
          </reporter-output>
        </test-method> <!-- verify_login_functionality -->
        <test-method signature="verify_login_functionality(java.lang.String,java.lang.String,java.lang.String)[pri:0, instance:testcases.TC_001_LoginTest@55141def]" started-at="2024-03-30T04:55:16 PDT" name="verify_login_functionality" data-provider="LoginData1" finished-at="2024-03-30T04:55:22 PDT" duration-ms="5697" status="PASS">
          <params>
            <param index="0">
              <value>
                <![CDATA[performance_glitch_user]]>
              </value>
            </param>
            <param index="1">
              <value>
                <![CDATA[secret_sauce]]>
              </value>
            </param>
            <param index="2">
              <value>
                <![CDATA[valid]]>
              </value>
            </param>
          </params>
          <reporter-output>
          </reporter-output>
        </test-method> <!-- verify_login_functionality -->
        <test-method signature="verify_login_functionality(java.lang.String,java.lang.String,java.lang.String)[pri:0, instance:testcases.TC_001_LoginTest@55141def]" started-at="2024-03-30T04:55:22 PDT" name="verify_login_functionality" data-provider="LoginData1" finished-at="2024-03-30T04:55:23 PDT" duration-ms="519" status="PASS">
          <params>
            <param index="0">
              <value>
                <![CDATA[error_user]]>
              </value>
            </param>
            <param index="1">
              <value>
                <![CDATA[secret_sauce]]>
              </value>
            </param>
            <param index="2">
              <value>
                <![CDATA[valid]]>
              </value>
            </param>
          </params>
          <reporter-output>
          </reporter-output>
        </test-method> <!-- verify_login_functionality -->
        <test-method signature="verify_login_functionality(java.lang.String,java.lang.String,java.lang.String)[pri:0, instance:testcases.TC_001_LoginTest@55141def]" started-at="2024-03-30T04:55:23 PDT" name="verify_login_functionality" data-provider="LoginData1" finished-at="2024-03-30T04:55:33 PDT" duration-ms="10486" status="PASS">
          <params>
            <param index="0">
              <value>
                <![CDATA[performance_glitch_user]]>
              </value>
            </param>
            <param index="1">
              <value>
                <![CDATA[secret_sauce2]]>
              </value>
            </param>
            <param index="2">
              <value>
                <![CDATA[invalid]]>
              </value>
            </param>
          </params>
          <reporter-output>
          </reporter-output>
        </test-method> <!-- verify_login_functionality -->
        <test-method signature="verify_login_functionality(java.lang.String,java.lang.String,java.lang.String)[pri:0, instance:testcases.TC_001_LoginTest@55141def]" started-at="2024-03-30T04:55:33 PDT" name="verify_login_functionality" data-provider="LoginData1" finished-at="2024-03-30T04:55:44 PDT" duration-ms="10378" status="PASS">
          <params>
            <param index="0">
              <value>
                <![CDATA[locked_out_user]]>
              </value>
            </param>
            <param index="1">
              <value>
                <![CDATA[secret_sauce3]]>
              </value>
            </param>
            <param index="2">
              <value>
                <![CDATA[invalid]]>
              </value>
            </param>
          </params>
          <reporter-output>
          </reporter-output>
        </test-method> <!-- verify_login_functionality -->
        <test-method signature="verify_login_functionality(java.lang.String,java.lang.String,java.lang.String)[pri:0, instance:testcases.TC_001_LoginTest@55141def]" started-at="2024-03-30T04:55:44 PDT" name="verify_login_functionality" data-provider="LoginData1" finished-at="2024-03-30T04:55:54 PDT" duration-ms="10380" status="PASS">
          <params>
            <param index="0">
              <value>
                <![CDATA[error_user]]>
              </value>
            </param>
            <param index="1">
              <value>
                <![CDATA[secret_sauce4]]>
              </value>
            </param>
            <param index="2">
              <value>
                <![CDATA[invalid]]>
              </value>
            </param>
          </params>
          <reporter-output>
          </reporter-output>
        </test-method> <!-- verify_login_functionality -->
        <test-method is-config="true" signature="teardown()[pri:0, instance:testcases.TC_001_LoginTest@55141def]" started-at="2024-03-30T04:55:54 PDT" name="teardown" finished-at="2024-03-30T04:55:55 PDT" duration-ms="695" status="PASS">
          <reporter-output>
          </reporter-output>
        </test-method> <!-- teardown -->
      </class> <!-- testcases.TC_001_LoginTest -->
    </test> <!-- Test -->
  </suite> <!-- Suite -->
</testng-results>
